Teste2/build/app/outputs/mapping/release/usage.txt
com.example.teste2.teste2.R$color
com.example.teste2.teste2.R$style
com.example.teste2.teste2.R$id
com.example.teste2.teste2.R$integer
com.example.teste2.teste2.BuildConfig
com.example.teste2.teste2.R$drawable
com.example.teste2.teste2.R$attr
com.example.teste2.teste2.R$layout
com.example.teste2.teste2.R$string
com.example.teste2.teste2.R
com.example.teste2.teste2.R$dimen
com.example.teste2.teste2.R$styleable
com.example.teste2.teste2.R$mipmap
...
kotlin.collections.AbstractMutableMap
io.flutter.embedding.android.KeyboardManager:
    private static final java.lang.String TAG
kotlin.ranges.ClosedFloatingPointRange$DefaultImpls
kotlin.collections.ArraysKt___ArraysKt$asIterable$$inlined$Iterable$7
kotlin.reflect.KClassifier
androidx.fragment.app.FragmentManagerState
androidx.core.view.accessibility.AccessibilityNodeInfoCompat$RangeInfoCompat
kotlin.coroutines.experimental.SafeContinuation$Companion
androidx.core.widget.TextViewCompat$OreoCallback
androidx.core.util.PatternsCompat
androidx.core.net.DatagramSocketWrapper
kotlin.sequences.SequencesKt__SequencesKt$ifEmpty$1
kotlin.ranges.ClosedDoubleRange
kotlin.collections.ArraysKt___ArraysJvmKt$asList$5
kotlin.sequences.USequencesKt___USequencesKt
androidx.core.view.inputmethod.InputConnectionCompat
kotlin.ULongArray$Iterator
androidx.core.app.NotificationCompat$Style
androidx.fragment.app.BackStackState$1
androidx.viewpager.widget.ViewPager$LayoutParams
io.flutter.embedding.android.KeyChannelResponder:
    private static final java.lang.String TAG
androidx.core.content.pm.ShortcutInfoCompatSaver
io.flutter.embedding.engine.deferredcomponents.PlayStoreDeferredComponentManager$1
kotlin.sequences.SequencesKt___SequencesKt$minus$3$iterator$1
androidx.fragment.app.FragmentTransitionCompat21
kotlin.jvm.JvmClassMappingKt
kotlin.collections.ArraysKt___ArraysKt$asSequence$$inlined$Sequence$6
androidx.core.R$layout
androidx.lifecycle.Transformations$2
androidx.lifecycle.ReflectiveGenericLifecycleObserver:
    void <init>(java.lang.Object)
androidx.core.app.ShareCompat$IntentReader
kotlin.BuilderInference
androidx.annotation.MainThread
kotlin.jdk7.AutoCloseableKt
io.flutter.app.FlutterActivity
kotlin.LazyKt__LazyKt
kotlin.HashCodeKt
androidx.core.app.BundleCompat$BundleCompatBaseImpl
androidx.core.os.EnvironmentCompat
kotlin.math.MathKt__MathJVMKt
io.flutter.embedding.engine.systemchannels.NavigationChannel:
    public void setMethodCallHandler(io.flutter.plugin.common.MethodChannel$MethodCallHandler)
    private static final java.lang.String TAG
kotlin.sequences.EmptySequence
kotlin.text.StringsKt__StringNumberConversionsJVMKt
io.flutter.embedding.android.FlutterView:
    public void <init>(android.content.Context)
    public void <init>(android.content.Context,io.flutter.embedding.android.FlutterView$RenderMode)
    public void <init>(android.content.Context,io.flutter.embedding.android.FlutterView$TransparencyMode)
    public void <init>(android.content.Context,io.flutter.embedding.android.FlutterImageView)
    public void <init>(android.content.Context,android.util.AttributeSet)
    public void <init>(android.content.Context,io.flutter.embedding.android.FlutterView$RenderMode,io.flutter.embedding.android.FlutterView$TransparencyMode)
    private void <init>(android.content.Context,android.util.AttributeSet,io.flutter.embedding.android.FlutterImageView)
    private android.view.View findViewByAccessibilityIdRootedAtCurrentView(int,android.view.View)
    public android.view.View findViewByAccessibilityIdTraversal(int)
    private static final java.lang.String TAG
kotlin.sequences.SequencesKt___SequencesKt$zipWithNext$1
androidx.core.widget.TintableCompoundDrawablesView
kotlin.jvm.functions.FunctionN
androidx.core.text.BidiFormatter$Builder
io.flutter.embedding.engine.mutatorsstack.FlutterMutatorView:
    public void <init>(android.content.Context)
androidx.viewpager.widget.ViewPager$SavedState$1
kotlin.collections.MapWithDefaultImpl
kotlin.random.RandomKt
kotlin.jvm.internal.PropertyReference1
io.flutter.embedding.android.FlutterFragmentActivity$CachedEngineIntentBuilder
kotlin.UNumbersKt
io.flutter.plugin.common.BasicMessageChannel:
    static void resizeChannelBuffer(io.flutter.plugin.common.BinaryMessenger,java.lang.String,int)
    public void resizeChannelBuffer(int)
    private static final java.lang.String TAG
    public static final java.lang.String CHANNEL_BUFFERS_CHANNEL
kotlin.sequences.TakeWhileSequence